<?xml version="1.0" encoding="UTF-8"?>
<!-- Generated by org.testng.reporters.JUnitReportReporter -->
<testsuite hostname="IN5CG5010BFJ" failures="0" tests="2" name="testCases.ComparisonofPrize" time="60.524" errors="0" timestamp="08 Jan 2020 18:19:44 GMT" skipped="0">
  <testcase classname="testCases.ComparisonofPrize" name="amazon" time="25.047"/>
  <testcase classname="testCases.ComparisonofPrize" name="flipkart" time="35.477"/>
</testsuite> <!-- testCases.ComparisonofPrize -->
